<?xml version="1.0" encoding="UTF-8"?>
<coverage generated="1481079336098" clover="3.2.0">
  <project timestamp="1481079336099" name="All files">
    <metrics statements="23" coveredstatements="23" conditionals="14" coveredconditionals="14" methods="5" coveredmethods="5" elements="42" coveredelements="42" complexity="0" loc="23" ncloc="23" packages="1" files="1" classes="1">
      <file name="index.js" path="/home/mauriciojunior/Lab/github-app/src/utils/pagination/index.js">
        <metrics statements="23" coveredstatements="23" conditionals="14" coveredconditionals="14" methods="5" coveredmethods="5"/>
        <line num="3" count="1" type="stmt"/>
        <line num="4" count="39" type="stmt"/>
        <line num="5" count="30" type="stmt"/>
        <line num="7" count="27" type="stmt"/>
        <line num="10" count="1" type="stmt"/>
        <line num="11" count="16" type="stmt"/>
        <line num="13" count="13" type="stmt"/>
        <line num="14" count="13" type="stmt"/>
        <line num="16" count="39" type="stmt"/>
        <line num="20" count="65" type="stmt"/>
        <line num="22" count="13" type="stmt"/>
        <line num="23" count="13" type="stmt"/>
        <line num="25" count="13" type="stmt"/>
        <line num="26" count="2" type="stmt"/>
        <line num="33" count="13" type="stmt"/>
        <line num="34" count="5" type="stmt"/>
        <line num="41" count="13" type="stmt"/>
        <line num="42" count="13" type="stmt"/>
        <line num="44" count="13" type="stmt"/>
        <line num="45" count="2" type="stmt"/>
        <line num="52" count="13" type="stmt"/>
        <line num="53" count="6" type="stmt"/>
        <line num="60" count="13" type="stmt"/>
      </file>
    </metrics>
  </project>
</coverage>
