{"/home/mauriciojunior/Lab/github-app/src/utils/pagination/index.js": {"path":"/home/mauriciojunior/Lab/github-app/src/utils/pagination/index.js","statementMap":{"0":{"start":{"line":3,"column":19},"end":{"line":8,"column":1}},"1":{"start":{"line":4,"column":2},"end":{"line":4,"column":37}},"2":{"start":{"line":4,"column":29},"end":{"line":4,"column":37}},"3":{"start":{"line":5,"column":2},"end":{"line":5,"column":49}},"4":{"start":{"line":5,"column":28},"end":{"line":5,"column":49}},"5":{"start":{"line":7,"column":2},"end":{"line":7,"column":23}},"6":{"start":{"line":10,"column":19},"end":{"line":61,"column":1}},"7":{"start":{"line":11,"column":2},"end":{"line":11,"column":71}},"8":{"start":{"line":11,"column":18},"end":{"line":11,"column":71}},"9":{"start":{"line":11,"column":65},"end":{"line":11,"column":70}},"10":{"start":{"line":13,"column":22},"end":{"line":13,"column":23}},"11":{"start":{"line":14,"column":14},"end":{"line":18,"column":3}},"12":{"start":{"line":16,"column":53},"end":{"line":16,"column":90}},"13":{"start":{"line":20,"column":2},"end":{"line":20,"column":77}},"14":{"start":{"line":20,"column":47},"end":{"line":20,"column":76}},"15":{"start":{"line":22,"column":18},"end":{"line":22,"column":26}},"16":{"start":{"line":23,"column":19},"end":{"line":23,"column":27}},"17":{"start":{"line":25,"column":2},"end":{"line":31,"column":3}},"18":{"start":{"line":26,"column":4},"end":{"line":30,"column":5}},"19":{"start":{"line":33,"column":2},"end":{"line":39,"column":3}},"20":{"start":{"line":34,"column":4},"end":{"line":38,"column":5}},"21":{"start":{"line":41,"column":24},"end":{"line":41,"column":47}},"22":{"start":{"line":42,"column":17},"end":{"line":42,"column":40}},"23":{"start":{"line":44,"column":2},"end":{"line":50,"column":3}},"24":{"start":{"line":45,"column":4},"end":{"line":49,"column":5}},"25":{"start":{"line":52,"column":2},"end":{"line":58,"column":3}},"26":{"start":{"line":53,"column":4},"end":{"line":57,"column":5}},"27":{"start":{"line":60,"column":2},"end":{"line":60,"column":14}}},"fnMap":{"0":{"name":"(anonymous_0)","decl":{"start":{"line":3,"column":19},"end":{"line":3,"column":20}},"loc":{"start":{"line":3,"column":46},"end":{"line":8,"column":1}}},"1":{"name":"(anonymous_1)","decl":{"start":{"line":10,"column":19},"end":{"line":10,"column":20}},"loc":{"start":{"line":10,"column":46},"end":{"line":61,"column":1}}},"2":{"name":"(anonymous_2)","decl":{"start":{"line":11,"column":55},"end":{"line":11,"column":56}},"loc":{"start":{"line":11,"column":65},"end":{"line":11,"column":70}}},"3":{"name":"(anonymous_3)","decl":{"start":{"line":16,"column":43},"end":{"line":16,"column":44}},"loc":{"start":{"line":16,"column":53},"end":{"line":16,"column":90}}},"4":{"name":"(anonymous_4)","decl":{"start":{"line":20,"column":23},"end":{"line":20,"column":24}},"loc":{"start":{"line":20,"column":47},"end":{"line":20,"column":76}}}},"branchMap":{"0":{"loc":{"start":{"line":4,"column":2},"end":{"line":4,"column":37}},"type":"if","locations":[{"start":{"line":4,"column":2},"end":{"line":4,"column":37}},{"start":{"line":4,"column":2},"end":{"line":4,"column":37}}]},"1":{"loc":{"start":{"line":5,"column":2},"end":{"line":5,"column":49}},"type":"if","locations":[{"start":{"line":5,"column":2},"end":{"line":5,"column":49}},{"start":{"line":5,"column":2},"end":{"line":5,"column":49}}]},"2":{"loc":{"start":{"line":11,"column":2},"end":{"line":11,"column":71}},"type":"if","locations":[{"start":{"line":11,"column":2},"end":{"line":11,"column":71}},{"start":{"line":11,"column":2},"end":{"line":11,"column":71}}]},"3":{"loc":{"start":{"line":25,"column":2},"end":{"line":31,"column":3}},"type":"if","locations":[{"start":{"line":25,"column":2},"end":{"line":31,"column":3}},{"start":{"line":25,"column":2},"end":{"line":31,"column":3}}]},"4":{"loc":{"start":{"line":33,"column":2},"end":{"line":39,"column":3}},"type":"if","locations":[{"start":{"line":33,"column":2},"end":{"line":39,"column":3}},{"start":{"line":33,"column":2},"end":{"line":39,"column":3}}]},"5":{"loc":{"start":{"line":44,"column":2},"end":{"line":50,"column":3}},"type":"if","locations":[{"start":{"line":44,"column":2},"end":{"line":50,"column":3}},{"start":{"line":44,"column":2},"end":{"line":50,"column":3}}]},"6":{"loc":{"start":{"line":52,"column":2},"end":{"line":58,"column":3}},"type":"if","locations":[{"start":{"line":52,"column":2},"end":{"line":58,"column":3}},{"start":{"line":52,"column":2},"end":{"line":58,"column":3}}]}},"s":{"0":1,"1":39,"2":9,"3":30,"4":3,"5":27,"6":1,"7":16,"8":3,"9":8,"10":13,"11":13,"12":39,"13":13,"14":65,"15":13,"16":13,"17":13,"18":2,"19":13,"20":5,"21":13,"22":13,"23":13,"24":2,"25":13,"26":6,"27":13},"f":{"0":39,"1":16,"2":8,"3":39,"4":65},"b":{"0":[9,30],"1":[3,27],"2":[3,13],"3":[2,11],"4":[5,8],"5":[2,11],"6":[6,7]},"_coverageSchema":"332fd63041d2c1bcb487cc26dd0d5f7d97098a6c","hash":"47b2a3e530ed49aacb7c6704b0754d85d07871b9"}
}
