TN:
SF:/home/mauriciojunior/Lab/github-app/src/utils/pagination/index.js
FN:3,(anonymous_0)
FN:10,(anonymous_1)
FN:11,(anonymous_2)
FN:16,(anonymous_3)
FN:20,(anonymous_4)
FNF:5
FNH:5
FNDA:39,(anonymous_0)
FNDA:16,(anonymous_1)
FNDA:8,(anonymous_2)
FNDA:39,(anonymous_3)
FNDA:65,(anonymous_4)
DA:3,1
DA:4,39
DA:5,30
DA:7,27
DA:10,1
DA:11,16
DA:13,13
DA:14,13
DA:16,39
DA:20,65
DA:22,13
DA:23,13
DA:25,13
DA:26,2
DA:33,13
DA:34,5
DA:41,13
DA:42,13
DA:44,13
DA:45,2
DA:52,13
DA:53,6
DA:60,13
LF:23
LH:23
BRDA:4,0,0,9
BRDA:4,0,1,30
BRDA:5,1,0,3
BRDA:5,1,1,27
BRDA:11,2,0,3
BRDA:11,2,1,13
BRDA:25,3,0,2
BRDA:25,3,1,11
BRDA:33,4,0,5
BRDA:33,4,1,8
BRDA:44,5,0,2
BRDA:44,5,1,11
BRDA:52,6,0,6
BRDA:52,6,1,7
BRF:14
BRH:14
end_of_record
